Daemon process terminated and closed the connection

Messages from the log:
[NX Daemon Server] - 2024-09-06T11:34:20.009Z - Established a connection. Number of open connections: 2
[NX Daemon Server] - 2024-09-06T11:34:20.012Z - Closed a connection. Number of open connections: 1
[NX Daemon Server] - 2024-09-06T11:34:20.014Z - [REQUEST]: Responding to the client. Shutdown initiated
[NX Daemon Server] - 2024-09-06T11:34:20.015Z - Done responding to the client Shutdown initiated
[NX Daemon Server] - 2024-09-06T11:34:20.015Z - Handled FORCE_SHUTDOWN. Handling time: 0. Response time: 1.
[NX Daemon Server] - 2024-09-06T11:34:20.016Z - Closed a connection. Number of open connections: 0
[NX Daemon Server] - 2024-09-06T11:34:20.017Z - [WATCHER]: Stopping the watcher for /Users/grahamclapham/Documents/APPS/MONO/boilerplate (sources)
[NX Daemon Server] - 2024-09-06T11:34:20.017Z - [WATCHER]: Stopping the watcher for /Users/grahamclapham/Documents/APPS/MONO/boilerplate (outputs)
[NX Daemon Server] - 2024-09-06T11:34:20.411Z - Started listening on: /var/folders/86/1d1260555dqbytp43pjk2qj00000gn/T/041c67d9acf34e081738/d.sock
[NX Daemon Server] - 2024-09-06T11:34:20.412Z - [WATCHER]: Subscribed to changes within: /Users/grahamclapham/Documents/APPS/MONO/boilerplate (native)
[NX Daemon Server] - 2024-09-06T11:34:20.415Z - Established a connection. Number of open connections: 1
[NX Daemon Server] - 2024-09-06T11:34:20.415Z - Established a connection. Number of open connections: 2
[NX Daemon Server] - 2024-09-06T11:34:20.416Z - Closed a connection. Number of open connections: 1
[NX Daemon Server] - 2024-09-06T11:34:20.416Z - [REQUEST]: Client Request for Project Graph Received
[NX Daemon Server] - 2024-09-06T11:34:20.420Z - Established a connection. Number of open connections: 2
[NX Daemon Server] - 2024-09-06T11:34:20.420Z - Established a connection. Number of open connections: 3
[NX Daemon Server] - 2024-09-06T11:34:20.420Z - Closed a connection. Number of open connections: 2
[NX Daemon Server] - 2024-09-06T11:34:20.420Z - [REQUEST]: Client Request for Project Graph Received
[NX Daemon Server] - 2024-09-06T11:34:20.477Z - [WATCHER]: .nx/workspace-data/d/server-process.json was created or restored



More information: /Users/grahamclapham/Documents/APPS/MONO/boilerplate/.nx/workspace-data/d/daemon.log